::1 - - [10/Feb/2022:19:07:40 +0000] "GET /js/posts_comments_app_page.js HTTP/1.1" 304 - "http://localhost:3000/" "Mozilla/5.0 (Windows NT 10.0; Win64; x64) AppleWebKit/537.36 (KHTML, like Gecko) Chrome/98.0.4758.82 Safari/537.36"
::1 - - [10/Feb/2022:19:07:40 +0000] "GET /js/friends.js HTTP/1.1" 304 - "http://localhost:3000/" "Mozilla/5.0 (Windows NT 10.0; Win64; x64) AppleWebKit/537.36 (KHTML, like Gecko) Chrome/98.0.4758.82 Safari/537.36"
::1 - - [10/Feb/2022:19:07:40 +0000] "GET /js/chat_engine.js HTTP/1.1" 304 - "http://localhost:3000/" "Mozilla/5.0 (Windows NT 10.0; Win64; x64) AppleWebKit/537.36 (KHTML, like Gecko) Chrome/98.0.4758.82 Safari/537.36"
::1 - - [10/Feb/2022:19:07:53 +0000] "GET /user/profile/620558f122fc6ccf488144c2 HTTP/1.1" 304 - "http://localhost:3000/" "Mozilla/5.0 (Windows NT 10.0; Win64; x64) AppleWebKit/537.36 (KHTML, like Gecko) Chrome/98.0.4758.82 Safari/537.36"
::1 - - [10/Feb/2022:19:07:53 +0000] "GET /css/style.css HTTP/1.1" 304 - "http://localhost:3000/user/profile/620558f122fc6ccf488144c2" "Mozilla/5.0 (Windows NT 10.0; Win64; x64) AppleWebKit/537.36 (KHTML, like Gecko) Chrome/98.0.4758.82 Safari/537.36"
::1 - - [10/Feb/2022:19:07:53 +0000] "GET /css/header.css HTTP/1.1" 304 - "http://localhost:3000/user/profile/620558f122fc6ccf488144c2" "Mozilla/5.0 (Windows NT 10.0; Win64; x64) AppleWebKit/537.36 (KHTML, like Gecko) Chrome/98.0.4758.82 Safari/537.36"
::1 - - [10/Feb/2022:19:07:53 +0000] "GET /css/footer.css HTTP/1.1" 304 - "http://localhost:3000/user/profile/620558f122fc6ccf488144c2" "Mozilla/5.0 (Windows NT 10.0; Win64; x64) AppleWebKit/537.36 (KHTML, like Gecko) Chrome/98.0.4758.82 Safari/537.36"
::1 - - [10/Feb/2022:19:07:53 +0000] "GET /js/profile_friend_status.js HTTP/1.1" 304 - "http://localhost:3000/user/profile/620558f122fc6ccf488144c2" "Mozilla/5.0 (Windows NT 10.0; Win64; x64) AppleWebKit/537.36 (KHTML, like Gecko) Chrome/98.0.4758.82 Safari/537.36"
::1 - - [10/Feb/2022:19:07:53 +0000] "POST /user/profile/620558f122fc6ccf488144c2 HTTP/1.1" 404 177 "http://localhost:3000/user/profile/620558f122fc6ccf488144c2" "Mozilla/5.0 (Windows NT 10.0; Win64; x64) AppleWebKit/537.36 (KHTML, like Gecko) Chrome/98.0.4758.82 Safari/537.36"
::1 - - [10/Feb/2022:19:07:54 +0000] "GET / HTTP/1.1" 304 - "http://localhost:3000/user/profile/620558f122fc6ccf488144c2" "Mozilla/5.0 (Windows NT 10.0; Win64; x64) AppleWebKit/537.36 (KHTML, like Gecko) Chrome/98.0.4758.82 Safari/537.36"
::1 - - [10/Feb/2022:19:07:54 +0000] "GET /css/style.css HTTP/1.1" 304 - "http://localhost:3000/" "Mozilla/5.0 (Windows NT 10.0; Win64; x64) AppleWebKit/537.36 (KHTML, like Gecko) Chrome/98.0.4758.82 Safari/537.36"
::1 - - [10/Feb/2022:19:07:54 +0000] "GET /css/header.css HTTP/1.1" 304 - "http://localhost:3000/" "Mozilla/5.0 (Windows NT 10.0; Win64; x64) AppleWebKit/537.36 (KHTML, like Gecko) Chrome/98.0.4758.82 Safari/537.36"
::1 - - [10/Feb/2022:19:07:54 +0000] "GET /css/footer.css HTTP/1.1" 304 - "http://localhost:3000/" "Mozilla/5.0 (Windows NT 10.0; Win64; x64) AppleWebKit/537.36 (KHTML, like Gecko) Chrome/98.0.4758.82 Safari/537.36"
::1 - - [10/Feb/2022:19:07:54 +0000] "GET /css/_chat_box.css HTTP/1.1" 304 - "http://localhost:3000/" "Mozilla/5.0 (Windows NT 10.0; Win64; x64) AppleWebKit/537.36 (KHTML, like Gecko) Chrome/98.0.4758.82 Safari/537.36"
::1 - - [10/Feb/2022:19:07:54 +0000] "GET /js/posts_comments_app_page.js HTTP/1.1" 304 - "http://localhost:3000/" "Mozilla/5.0 (Windows NT 10.0; Win64; x64) AppleWebKit/537.36 (KHTML, like Gecko) Chrome/98.0.4758.82 Safari/537.36"
::1 - - [10/Feb/2022:19:07:54 +0000] "GET /js/friends.js HTTP/1.1" 304 - "http://localhost:3000/" "Mozilla/5.0 (Windows NT 10.0; Win64; x64) AppleWebKit/537.36 (KHTML, like Gecko) Chrome/98.0.4758.82 Safari/537.36"
::1 - - [10/Feb/2022:19:07:54 +0000] "GET /js/chat_engine.js HTTP/1.1" 304 - "http://localhost:3000/" "Mozilla/5.0 (Windows NT 10.0; Win64; x64) AppleWebKit/537.36 (KHTML, like Gecko) Chrome/98.0.4758.82 Safari/537.36"
[0mGET / [32m200[0m 122.245 ms - 2945[0m
[0mGET /css/style.css [36m304[0m 3.395 ms - -[0m
[0mGET /css/header.css [36m304[0m 1.229 ms - -[0m
[0mGET /css/footer.css [36m304[0m 1.135 ms - -[0m
[0mGET /css/_chat_box.css [33m404[0m 12.716 ms - 156[0m
[0mGET /js/posts_comments_app_page.js [36m304[0m 1.235 ms - -[0m
[0mGET /js/friends.js [36m304[0m 1.269 ms - -[0m
[0mGET /js/chat_engine.js [36m304[0m 2.925 ms - -[0m
[0mGET /favicon.ico [33m404[0m 10.011 ms - 150[0m
[0mGET /user/sign-in [36m304[0m 52.820 ms - -[0m
[0mGET /css/style.css [36m304[0m 12.034 ms - -[0m
[0mGET /css/header.css [36m304[0m 7.993 ms - -[0m
[0mGET /css/footer.css [36m304[0m 2.399 ms - -[0m
[0mGET /css/sign_in.css [36m304[0m 2.674 ms - -[0m
[0mPOST /user/create-session [36m302[0m 308.448 ms - 46[0m
[0mGET / [32m200[0m 127.917 ms - 5088[0m
[0mGET /css/style.css [36m304[0m 3.294 ms - -[0m
[0mGET /css/header.css [36m304[0m 5.676 ms - -[0m
[0mGET /css/footer.css [36m304[0m 8.088 ms - -[0m
[0mGET /css/_chat_box.css [33m404[0m 22.947 ms - 156[0m
[0mGET /js/posts_comments_app_page.js [36m304[0m 3.865 ms - -[0m
[0mGET /js/friends.js [36m304[0m 3.180 ms - -[0m
[0mGET /js/chat_engine.js [36m304[0m 3.083 ms - -[0m
[0mGET / [32m200[0m 87.935 ms - 4809[0m
[0mGET /css/style.css [36m304[0m 11.250 ms - -[0m
[0mGET /css/header.css [36m304[0m 8.821 ms - -[0m
[0mGET /css/footer.css [36m304[0m 6.033 ms - -[0m
[0mGET /js/posts_comments_app_page.js [36m304[0m 13.894 ms - -[0m
[0mGET /js/friends.js [36m304[0m 11.885 ms - -[0m
[0mGET /js/chat_engine.js [36m304[0m 14.635 ms - -[0m
[0mGET /css/_chat_box.css [33m404[0m 45.761 ms - 156[0m
[0mGET / [36m304[0m 25.152 ms - -[0m
[0mGET /css/style.css [36m304[0m 2.109 ms - -[0m
[0mGET /css/header.css [36m304[0m 7.468 ms - -[0m
[0mGET /css/footer.css [36m304[0m 7.960 ms - -[0m
[0mGET /css/_chat_box.css [33m404[0m 19.393 ms - 156[0m
[0mGET /js/posts_comments_app_page.js [36m304[0m 7.708 ms - -[0m
[0mGET /js/friends.js [36m304[0m 4.040 ms - -[0m
[0mGET /js/chat_engine.js [36m304[0m 4.324 ms - -[0m
[0mGET / [36m304[0m 137.286 ms - -[0m
[0mGET /css/style.css [36m304[0m 14.587 ms - -[0m
[0mGET /css/header.css [36m304[0m 16.321 ms - -[0m
[0mGET /css/footer.css [36m304[0m 4.651 ms - -[0m
[0mGET /js/posts_comments_app_page.js [36m304[0m 6.786 ms - -[0m
[0mGET /js/friends.js [36m304[0m 5.196 ms - -[0m
[0mGET /js/chat_engine.js [36m304[0m 5.091 ms - -[0m
[0mGET /css/_chat_box.css [33m404[0m 18.478 ms - 156[0m
[0mGET / [36m304[0m 66.034 ms - -[0m
[0mGET /css/style.css [36m304[0m 7.655 ms - -[0m
[0mGET /css/header.css [36m304[0m 7.511 ms - -[0m
[0mGET /css/footer.css [36m304[0m 4.608 ms - -[0m
[0mGET /css/_chat_box.css [33m404[0m 19.779 ms - 156[0m
[0mGET /js/posts_comments_app_page.js [36m304[0m 6.818 ms - -[0m
[0mGET /js/friends.js [36m304[0m 8.513 ms - -[0m
[0mGET /js/chat_engine.js [36m304[0m 9.289 ms - -[0m
[0mGET / [36m304[0m 25.290 ms - -[0m
[0mGET /css/style.css [36m304[0m 1.949 ms - -[0m
[0mGET /css/header.css [36m304[0m 1.576 ms - -[0m
[0mGET /css/footer.css [36m304[0m 6.118 ms - -[0m
[0mGET /css/_chat_box.css [33m404[0m 22.725 ms - 156[0m
[0mGET /js/posts_comments_app_page.js [36m304[0m 8.007 ms - -[0m
[0mGET /js/friends.js [36m304[0m 10.627 ms - -[0m
[0mGET /js/chat_engine.js [36m304[0m 7.286 ms - -[0m
[0mGET / [36m304[0m 72.111 ms - -[0m
[0mGET /css/style.css [36m304[0m 6.186 ms - -[0m
[0mGET /css/header.css [36m304[0m 11.096 ms - -[0m
[0mGET /css/footer.css [36m304[0m 9.171 ms - -[0m
[0mGET /css/_chat_box.css [33m404[0m 31.577 ms - 156[0m
[0mGET /js/posts_comments_app_page.js [36m304[0m 6.871 ms - -[0m
[0mGET /js/friends.js [36m304[0m 8.042 ms - -[0m
[0mGET /js/chat_engine.js [36m304[0m 8.909 ms - -[0m
[0mGET / [36m304[0m 65.930 ms - -[0m
[0mGET /css/style.css [36m304[0m 17.669 ms - -[0m
[0mGET /css/header.css [36m304[0m 16.113 ms - -[0m
[0mGET /css/footer.css [36m304[0m 2.090 ms - -[0m
[0mGET /js/posts_comments_app_page.js [36m304[0m 3.386 ms - -[0m
[0mGET /js/friends.js [36m304[0m 3.502 ms - -[0m
[0mGET /js/chat_engine.js [36m304[0m 4.808 ms - -[0m
[0mGET /css/_chat_box.css [33m404[0m 18.008 ms - 156[0m
[0mGET / [36m304[0m 101.177 ms - -[0m
[0mGET /css/style.css [36m304[0m 7.694 ms - -[0m
[0mGET /css/header.css [36m304[0m 8.220 ms - -[0m
[0mGET /css/footer.css [36m304[0m 6.380 ms - -[0m
[0mGET /js/posts_comments_app_page.js [36m304[0m 4.732 ms - -[0m
[0mGET /js/friends.js [36m304[0m 5.857 ms - -[0m
[0mGET /js/chat_engine.js [36m304[0m 7.990 ms - -[0m
[0mGET /css/_chat_box.css [33m404[0m 33.494 ms - 156[0m
[0mGET / [36m304[0m 29.442 ms - -[0m
[0mGET /css/style.css [36m304[0m 1.702 ms - -[0m
[0mGET /css/header.css [36m304[0m 5.373 ms - -[0m
[0mGET /css/footer.css [36m304[0m 5.123 ms - -[0m
[0mGET /css/_chat_box.css [33m404[0m 19.563 ms - 156[0m
[0mGET /js/posts_comments_app_page.js [36m304[0m 5.877 ms - -[0m
[0mGET /js/friends.js [36m304[0m 9.007 ms - -[0m
[0mGET /js/chat_engine.js [36m304[0m 10.482 ms - -[0m
[0mGET / [36m304[0m 90.949 ms - -[0m
[0mGET /css/style.css [36m304[0m 8.196 ms - -[0m
[0mGET /css/header.css [36m304[0m 7.161 ms - -[0m
[0mGET /css/_chat_box.css [32m200[0m 23.845 ms - 2004[0m
[0mGET /js/friends.js [36m304[0m 9.902 ms - -[0m
[0mGET /css/footer.css [36m304[0m 8.133 ms - -[0m
[0mGET /js/posts_comments_app_page.js [36m304[0m 18.119 ms - -[0m
[0mGET /js/chat_engine.js [36m304[0m 1.066 ms - -[0m
[0mGET / [36m304[0m 64.634 ms - -[0m
[0mGET /css/style.css [36m304[0m 6.125 ms - -[0m
[0mGET /css/header.css [36m304[0m 5.610 ms - -[0m
[0mGET /css/footer.css [36m304[0m 2.728 ms - -[0m
[0mGET /css/_chat_box.css [32m200[0m 5.008 ms - -[0m
[0mGET /js/posts_comments_app_page.js [36m304[0m 1.836 ms - -[0m
[0mGET /js/friends.js [36m304[0m 2.289 ms - -[0m
[0mGET /js/chat_engine.js [36m304[0m 3.090 ms - -[0m
[0mGET / [36m304[0m 31.878 ms - -[0m
[0mGET /css/style.css [36m304[0m 2.795 ms - -[0m
[0mGET /css/header.css [36m304[0m 3.394 ms - -[0m
[0mGET /css/footer.css [36m304[0m 4.293 ms - -[0m
[0mGET /css/_chat_box.css [36m304[0m 4.341 ms - -[0m
[0mGET /js/posts_comments_app_page.js [36m304[0m 5.549 ms - -[0m
[0mGET /js/friends.js [36m304[0m 5.229 ms - -[0m
[0mGET /js/chat_engine.js [36m304[0m 5.965 ms - -[0m
[0mGET / [36m304[0m 84.414 ms - -[0m
[0mGET /css/style.css [36m304[0m 10.125 ms - -[0m
[0mGET /css/header.css [36m304[0m 16.154 ms - -[0m
[0mGET /css/footer.css [36m304[0m 14.267 ms - -[0m
[0mGET /js/posts_comments_app_page.js [36m304[0m 7.984 ms - -[0m
[0mGET /css/_chat_box.css [36m304[0m 10.335 ms - -[0m
[0mGET /js/friends.js [36m304[0m 13.665 ms - -[0m
[0mGET /js/chat_engine.js [36m304[0m 5.006 ms - -[0m
[0mGET / [36m304[0m 113.877 ms - -[0m
[0mGET /css/style.css [36m304[0m 12.186 ms - -[0m
[0mGET /css/header.css [36m304[0m 24.494 ms - -[0m
[0mGET /css/footer.css [36m304[0m 5.001 ms - -[0m
[0mGET /css/_chat_box.css [36m304[0m 6.267 ms - -[0m
[0mGET /js/posts_comments_app_page.js [36m304[0m 4.864 ms - -[0m
[0mGET /js/friends.js [36m304[0m 6.376 ms - -[0m
[0mGET /js/chat_engine.js [36m304[0m 5.793 ms - -[0m
[0mGET / [36m304[0m 58.956 ms - -[0m
[0mGET /css/style.css [36m304[0m 8.021 ms - -[0m
[0mGET /css/header.css [36m304[0m 6.848 ms - -[0m
[0mGET /css/footer.css [36m304[0m 5.563 ms - -[0m
[0mGET /css/_chat_box.css [36m304[0m 4.438 ms - -[0m
[0mGET /js/posts_comments_app_page.js [36m304[0m 3.436 ms - -[0m
[0mGET /js/friends.js [36m304[0m 4.413 ms - -[0m
[0mGET /js/chat_engine.js [36m304[0m 4.699 ms - -[0m
[0mGET / [36m304[0m 123.990 ms - -[0m
[0mGET /css/style.css [36m304[0m 16.889 ms - -[0m
[0mGET /css/header.css [36m304[0m 15.384 ms - -[0m
[0mGET /css/footer.css [36m304[0m 9.830 ms - -[0m
[0mGET /css/_chat_box.css [36m304[0m 5.672 ms - -[0m
[0mGET /js/posts_comments_app_page.js [36m304[0m 6.361 ms - -[0m
[0mGET /js/friends.js [36m304[0m 6.821 ms - -[0m
[0mGET /js/chat_engine.js [36m304[0m 5.152 ms - -[0m
[0mGET / [36m304[0m 64.874 ms - -[0m
[0mGET /css/style.css [36m304[0m 4.902 ms - -[0m
[0mGET /css/header.css [36m304[0m 3.623 ms - -[0m
[0mGET /css/footer.css [36m304[0m 2.220 ms - -[0m
[0mGET /css/_chat_box.css [36m304[0m 1.265 ms - -[0m
[0mGET /js/posts_comments_app_page.js [36m304[0m 3.499 ms - -[0m
[0mGET /js/friends.js [36m304[0m 2.865 ms - -[0m
[0mGET /js/chat_engine.js [36m304[0m 2.883 ms - -[0m
[0mGET / [36m304[0m 64.498 ms - -[0m
[0mGET /css/style.css [36m304[0m 6.870 ms - -[0m
[0mGET /css/header.css [36m304[0m 8.781 ms - -[0m
[0mGET /css/footer.css [36m304[0m 3.362 ms - -[0m
[0mGET /css/_chat_box.css [32m200[0m 6.837 ms - 2004[0m
[0mGET /js/posts_comments_app_page.js [36m304[0m 5.158 ms - -[0m
[0mGET /js/friends.js [36m304[0m 4.935 ms - -[0m
[0mGET /js/chat_engine.js [36m304[0m 4.151 ms - -[0m
[0mGET / [32m200[0m 100.597 ms - 2945[0m
[0mGET /css/style.css [32m200[0m 15.981 ms - 990[0m
[0mGET /css/footer.css [32m200[0m 13.303 ms - 322[0m
[0mGET /css/header.css [32m200[0m 21.014 ms - 627[0m
[0mGET /css/_chat_box.css [32m200[0m 17.505 ms - 2004[0m
[0mGET /js/posts_comments_app_page.js [32m200[0m 20.502 ms - 10059[0m
[0mGET /js/chat_engine.js [32m200[0m 28.091 ms - 1892[0m
[0mGET /js/friends.js [32m200[0m 44.885 ms - 987[0m
[0mGET /user/sign-in [32m200[0m 37.535 ms - 1950[0m
[0mGET /css/style.css [36m304[0m 4.249 ms - -[0m
[0mGET /css/header.css [36m304[0m 8.804 ms - -[0m
[0mGET /css/footer.css [36m304[0m 8.866 ms - -[0m
[0mGET /css/sign_in.css [32m200[0m 11.094 ms - 712[0m
[0mGET /user/sign-up [32m200[0m 41.284 ms - 1843[0m
[0mGET /css/style.css [36m304[0m 3.830 ms - -[0m
[0mGET /css/header.css [36m304[0m 2.052 ms - -[0m
[0mGET /css/footer.css [36m304[0m 2.384 ms - -[0m
[0mGET /css/sign_up.css [32m200[0m 14.165 ms - 1264[0m
[0mGET /user/sign-in [36m304[0m 5.403 ms - -[0m
[0mGET /css/style.css [36m304[0m 0.917 ms - -[0m
[0mGET /css/header.css [36m304[0m 2.256 ms - -[0m
[0mGET /css/footer.css [36m304[0m 2.529 ms - -[0m
[0mGET /css/sign_in.css [36m304[0m 2.465 ms - -[0m
[0mGET / [36m304[0m 10.290 ms - -[0m
[0mGET /css/style.css [36m304[0m 1.312 ms - -[0m
[0mGET /css/header.css [36m304[0m 3.404 ms - -[0m
[0mGET /css/footer.css [36m304[0m 2.112 ms - -[0m
[0mGET /css/_chat_box.css [36m304[0m 1.997 ms - -[0m
[0mGET /js/posts_comments_app_page.js [36m304[0m 3.096 ms - -[0m
[0mGET /js/friends.js [36m304[0m 3.026 ms - -[0m
[0mGET /js/chat_engine.js [36m304[0m 2.070 ms - -[0m
[0mGET /user/sign-in [36m304[0m 5.361 ms - -[0m
[0mGET /css/style.css [36m304[0m 1.493 ms - -[0m
[0mGET /css/header.css [36m304[0m 1.946 ms - -[0m
[0mGET /css/footer.css [36m304[0m 0.894 ms - -[0m
[0mGET /css/sign_in.css [36m304[0m 0.723 ms - -[0m
[0mGET / [32m200[0m 9.318 ms - 2945[0m
[0mGET /css/_chat_box.css [32m200[0m 2.850 ms - 2004[0m
[0mGET /css/header.css [36m304[0m 2.041 ms - -[0m
[0mGET /css/style.css [36m304[0m 2.219 ms - -[0m
[0mGET /css/footer.css [36m304[0m 1.966 ms - -[0m
[0mGET /js/posts_comments_app_page.js [36m304[0m 2.902 ms - -[0m
[0mGET /js/friends.js [36m304[0m 2.655 ms - -[0m
[0mGET /js/chat_engine.js [36m304[0m 1.383 ms - -[0m
[0mGET /favicon.ico [33m404[0m 8.445 ms - 150[0m
[0mGET /user/sign-in [36m304[0m 8.792 ms - -[0m
[0mGET /css/style.css [36m304[0m 3.059 ms - -[0m
[0mGET /css/header.css [36m304[0m 2.878 ms - -[0m
[0mGET /css/footer.css [36m304[0m 2.008 ms - -[0m
[0mGET /css/sign_in.css [36m304[0m 1.470 ms - -[0m
[0mPOST /user/create-session [36m302[0m 153.032 ms - 70[0m
[0mGET /user/sign-in [32m200[0m 4.884 ms - 2298[0m
[0mGET /css/style.css [36m304[0m 3.688 ms - -[0m
[0mGET /css/header.css [36m304[0m 0.735 ms - -[0m
[0mGET /css/footer.css [36m304[0m 3.158 ms - -[0m
[0mGET /css/sign_in.css [36m304[0m 2.280 ms - -[0m
[0mPOST /user/create-session [36m302[0m 7.655 ms - 70[0m
[0mGET /user/sign-in [36m304[0m 5.013 ms - -[0m
[0mGET /css/style.css [36m304[0m 2.515 ms - -[0m
[0mGET /css/header.css [36m304[0m 2.875 ms - -[0m
[0mGET /css/footer.css [36m304[0m 4.616 ms - -[0m
[0mGET /css/sign_in.css [36m304[0m 1.814 ms - -[0m
[0mPOST /user/create-session [36m302[0m 10.275 ms - 46[0m
[0mGET / [32m200[0m 30.100 ms - 5084[0m
[0mGET /css/style.css [36m304[0m 1.084 ms - -[0m
[0mGET /css/header.css [36m304[0m 3.043 ms - -[0m
[0mGET /css/footer.css [36m304[0m 2.849 ms - -[0m
[0mGET /css/_chat_box.css [36m304[0m 2.751 ms - -[0m
[0mGET /js/posts_comments_app_page.js [36m304[0m 1.851 ms - -[0m
[0mGET /js/friends.js [36m304[0m 2.522 ms - -[0m
[0mGET /js/chat_engine.js [36m304[0m 2.677 ms - -[0m
[0mGET /user/profile/61fa7fe078c3556afad2c2f7 [36m304[0m 49.921 ms - -[0m
[0mGET /css/style.css [36m304[0m 3.417 ms - -[0m
[0mGET /css/header.css [36m304[0m 3.313 ms - -[0m
[0mGET /css/footer.css [36m304[0m 3.168 ms - -[0m
[0mGET /uploads/users/avatar/avatar-1643807603400-353985202 [36m304[0m 1.555 ms - -[0m
[0mGET /js/profile_friend_status.js [36m304[0m 2.054 ms - -[0m
[0mPOST /user/profile/61fa7fe078c3556afad2c2f7 [33m404[0m 12.211 ms - 177[0m
[0mGET / [32m200[0m 21.238 ms - 4805[0m
[0mGET /css/style.css [36m304[0m 1.528 ms - -[0m
[0mGET /css/header.css [36m304[0m 4.043 ms - -[0m
[0mGET /css/footer.css [36m304[0m 4.133 ms - -[0m
[0mGET /css/_chat_box.css [36m304[0m 5.763 ms - -[0m
[0mGET /js/posts_comments_app_page.js [36m304[0m 4.394 ms - -[0m
[0mGET /js/friends.js [36m304[0m 4.757 ms - -[0m
[0mGET /js/chat_engine.js [36m304[0m 4.849 ms - -[0m
[0mGET /user/profile/61fa7fe078c3556afad2c2f7 [36m304[0m 13.431 ms - -[0m
[0mGET /css/style.css [36m304[0m 1.586 ms - -[0m
[0mGET /css/header.css [36m304[0m 2.552 ms - -[0m
[0mGET /css/footer.css [36m304[0m 1.837 ms - -[0m
[0mGET /uploads/users/avatar/avatar-1643807603400-353985202 [36m304[0m 1.071 ms - -[0m
[0mGET /js/profile_friend_status.js [36m304[0m 0.561 ms - -[0m
[0mPOST /user/profile/61fa7fe078c3556afad2c2f7 [33m404[0m 6.003 ms - 177[0m
[0mGET / [36m304[0m 17.271 ms - -[0m
[0mGET /css/style.css [36m304[0m 1.528 ms - -[0m
[0mGET /css/header.css [36m304[0m 2.094 ms - -[0m
[0mGET /css/footer.css [36m304[0m 2.040 ms - -[0m
[0mGET /css/_chat_box.css [36m304[0m 4.425 ms - -[0m
[0mGET /js/posts_comments_app_page.js [36m304[0m 3.361 ms - -[0m
[0mGET /js/friends.js [36m304[0m 2.084 ms - -[0m
[0mGET /js/chat_engine.js [36m304[0m 1.933 ms - -[0m
[0mGET / [36m304[0m 17.929 ms - -[0m
[0mGET /css/style.css [36m304[0m 3.755 ms - -[0m
[0mGET /css/header.css [36m304[0m 3.887 ms - -[0m
[0mGET /css/footer.css [36m304[0m 4.304 ms - -[0m
[0mGET /css/_chat_box.css [36m304[0m 1.125 ms - -[0m
[0mGET /js/posts_comments_app_page.js [36m304[0m 1.089 ms - -[0m
[0mGET /js/friends.js [36m304[0m 1.033 ms - -[0m
[0mGET /js/chat_engine.js [36m304[0m 0.888 ms - -[0m
[0mGET /user/profile/61fa7fe078c3556afad2c2f7 [36m304[0m 11.466 ms - -[0m
[0mGET /css/style.css [36m304[0m 2.149 ms - -[0m
[0mGET /css/header.css [36m304[0m 2.241 ms - -[0m
[0mGET /css/footer.css [36m304[0m 0.751 ms - -[0m
[0mGET /uploads/users/avatar/avatar-1643807603400-353985202 [36m304[0m 1.677 ms - -[0m
[0mGET /js/profile_friend_status.js [36m304[0m 0.943 ms - -[0m
[0mPOST /user/profile/61fa7fe078c3556afad2c2f7 [33m404[0m 11.725 ms - 177[0m
[0mGET /user/sign-out [36m302[0m 4.041 ms - 46[0m
[0mGET / [32m200[0m 10.470 ms - 3225[0m
[0mGET /css/style.css [36m304[0m 7.002 ms - -[0m
[0mGET /css/header.css [36m304[0m 6.576 ms - -[0m
[0mGET /css/_chat_box.css [36m304[0m 3.552 ms - -[0m
[0mGET /css/footer.css [36m304[0m 4.815 ms - -[0m
[0mGET /js/posts_comments_app_page.js [36m304[0m 4.264 ms - -[0m
[0mGET /js/friends.js [36m304[0m 4.184 ms - -[0m
[0mGET /js/chat_engine.js [36m304[0m 5.114 ms - -[0m
[0mGET /user/sign-in [32m200[0m 7.366 ms - 1950[0m
[0mGET /css/style.css [36m304[0m 1.026 ms - -[0m
[0mGET /css/header.css [36m304[0m 1.588 ms - -[0m
[0mGET /css/footer.css [36m304[0m 1.560 ms - -[0m
[0mGET /css/sign_in.css [36m304[0m 1.359 ms - -[0m
[0mGET /user/sign-up [36m304[0m 5.112 ms - -[0m
[0mGET /css/style.css [36m304[0m 2.513 ms - -[0m
[0mGET /css/header.css [36m304[0m 2.495 ms - -[0m
[0mGET /css/footer.css [36m304[0m 3.519 ms - -[0m
[0mGET /css/sign_up.css [36m304[0m 2.105 ms - -[0m
[0mGET / [32m200[0m 16.266 ms - 2945[0m
[0mGET /css/style.css [36m304[0m 0.951 ms - -[0m
[0mGET /css/header.css [36m304[0m 1.244 ms - -[0m
[0mGET /css/footer.css [36m304[0m 1.766 ms - -[0m
[0mGET /css/_chat_box.css [36m304[0m 0.785 ms - -[0m
[0mGET /js/posts_comments_app_page.js [36m304[0m 2.915 ms - -[0m
[0mGET /js/friends.js [36m304[0m 2.950 ms - -[0m
[0mGET /js/chat_engine.js [36m304[0m 1.626 ms - -[0m
